<?xml version="1.0" encoding="UTF-8"?>
<Site BuildName="Win32-ninja"
	BuildStamp="20230814-0450-Experimental"
	Name="LAPTOP-AERQEA0V"
	Generator="ctest-3.26.0"
	CompilerName="C:/msys64/mingw64/bin/g++.exe"
	CompilerVersion="13.1.0"
	OSName="Windows"
	Hostname="LAPTOP-AERQEA0V"
	OSRelease=" Personal"
	OSVersion=" (Build 19045)"
	OSPlatform="AMD64"
	Is64Bits="1"
	VendorString="GenuineIntel"
	VendorID="Intel Corporation"
	FamilyID="6"
	ModelID="13"
	ProcessorCacheSize="-1"
	NumberOfLogicalCPU="12"
	NumberOfPhysicalCPU="6"
	TotalVirtualMemory="14586"
	TotalPhysicalMemory="7930"
	LogicalProcessorsPerPhysical="2"
	ProcessorClockFrequency="2688"
	>
	<Testing>
		<StartDateTime>Aug 14 10:36 Sri Lanka Standard Time</StartDateTime>
		<StartTestTime>1691989617</StartTestTime>
		<TestList/>
		<EndDateTime>Aug 14 10:36 Sri Lanka Standard Time</EndDateTime>
		<EndTestTime>1691989617</EndTestTime>
		<ElapsedMinutes>0</ElapsedMinutes>
	</Testing>
</Site>
